<?xml version="1.0" encoding="UTF-8"?>
<!-- Generated by org.testng.reporters.JUnitReportReporter -->
<testsuite skipped="0" hostname="Masure" name="testNG.testNGAnnotations2" tests="7" failures="0" timestamp="2021-02-10T10:38:17 IST" time="5.523" errors="0">
  <testcase name="openURL" time="5.522" classname="testNG.testNGAnnotations2"/>
  <system-out/>
  <testcase name="Login" time="0.000" classname="testNG.testNGAnnotations2"/>
  <system-out/>
  <testcase name="searchProduct" time="0.001" classname="testNG.testNGAnnotations2"/>
  <system-out/>
  <testcase name="plp" time="0.000" classname="testNG.testNGAnnotations2"/>
  <system-out/>
  <testcase name="pdp" time="0.000" classname="testNG.testNGAnnotations2"/>
  <system-out/>
  <testcase name="addtoCart" time="0.000" classname="testNG.testNGAnnotations2"/>
  <system-out/>
  <testcase name="addAddress" time="0.000" classname="testNG.testNGAnnotations2"/>
  <system-out/>
</testsuite> <!-- testNG.testNGAnnotations2 -->
