<?xml version="1.0" encoding="UTF-8"?>
<!-- Generated by org.testng.reporters.JUnitReportReporter -->
<testsuite skipped="0" hostname="Masure" name="testNG.testNGAnnotations" tests="8" failures="0" timestamp="2021-02-10T08:41:11 IST" time="0.015" errors="0">
  <testcase name="openURL" time="0.000" classname="testNG.testNGAnnotations"/>
  <system-out/>
  <testcase name="Login" time="0.000" classname="testNG.testNGAnnotations"/>
  <system-out/>
  <testcase name="searchProduct" time="0.005" classname="testNG.testNGAnnotations"/>
  <system-out/>
  <testcase name="plp" time="0.005" classname="testNG.testNGAnnotations"/>
  <system-out/>
  <testcase name="pdp" time="0.005" classname="testNG.testNGAnnotations"/>
  <system-out/>
  <testcase name="addtoCart" time="0.000" classname="testNG.testNGAnnotations"/>
  <system-out/>
  <testcase name="addAddress" time="0.000" classname="testNG.testNGAnnotations"/>
  <system-out/>
  <testcase name="paymentGateway" time="0.000" classname="testNG.testNGAnnotations"/>
  <system-out/>
</testsuite> <!-- testNG.testNGAnnotations -->
